-------------------------------------------------------------------------------
Test set: TestSuite
-------------------------------------------------------------------------------
Tests run: 5, Failures: 1, Errors: 0, Skipped: 1, Time elapsed: 4.183 sec <<< FAILURE!
getJobs(csjobs.model.dao.JobDaoTest)  Time elapsed: 0.203 sec  <<< FAILURE!
java.lang.AssertionError
	at csjobs.model.dao.JobDaoTest.getJobs(JobDaoTest.java:26)

